<?xml version="1.0" encoding="utf-8"?>
<test-run id="2" name="SharpEcho.Recruiting.SpellChecker.Tests.EXE" fullname="C:/Users/Kenneth/Desktop/SharpEcho.Recruiting.SpellChecker/SharpEcho.Recruiting.SpellChecker.Tests/bin/Debug/SharpEcho.Recruiting.SpellChecker.Tests.EXE" testcasecount="9" result="Passed" start-time="2016-09-20 04:11:19Z" end-time="2016-09-20 04:11:20Z" duration="1.124547" total="9" passed="9" failed="0" inconclusive="0" skipped="0" asserts="9" random-seed="1639731035">
  <command-line><![CDATA["C:\Users\Kenneth\Desktop\SharpEcho.Recruiting.SpellChecker\SharpEcho.Recruiting.SpellChecker.Tests\bin\Debug\SharpEcho.Recruiting.SpellChecker.Tests.vshost.exe" --wait]]></command-line>
  <filter />
  <test-suite type="Assembly" id="1011" name="SharpEcho.Recruiting.SpellChecker.Tests.EXE" fullname="C:/Users/Kenneth/Desktop/SharpEcho.Recruiting.SpellChecker/SharpEcho.Recruiting.SpellChecker.Tests/bin/Debug/SharpEcho.Recruiting.SpellChecker.Tests.EXE" runstate="Runnable" testcasecount="9" result="Passed" start-time="2016-09-20 04:11:19Z" end-time="2016-09-20 04:11:20Z" duration="1.124547" total="9" passed="9" failed="0" inconclusive="0" skipped="0" asserts="9">
    <environment framework-version="3.4.1.0" clr-version="4.0.30319.42000" os-version="Microsoft Windows NT 6.2.9200.0" platform="Win32NT" cwd="C:\Users\Kenneth\Desktop\SharpEcho.Recruiting.SpellChecker\SharpEcho.Recruiting.SpellChecker.Tests\bin\Debug" machine-name="KENNETH-DESKTOP" user="Kenneth" user-domain="KENNETH-DESKTOP" culture="en-US" uiculture="en-US" os-architecture="x86" />
    <settings>
      <setting name="WorkDirectory" value="C:\Users\Kenneth\Desktop\SharpEcho.Recruiting.SpellChecker\SharpEcho.Recruiting.SpellChecker.Tests\bin\Debug" />
      <setting name="NumberOfTestWorkers" value="8" />
    </settings>
    <properties>
      <property name="_PID" value="8620" />
      <property name="_APPDOMAIN" value="SharpEcho.Recruiting.SpellChecker.Tests.vshost.exe" />
    </properties>
    <test-suite type="TestSuite" id="1012" name="SharpEcho" fullname="SharpEcho" runstate="Runnable" testcasecount="9" result="Passed" start-time="2016-09-20 04:11:19Z" end-time="2016-09-20 04:11:20Z" duration="1.112639" total="9" passed="9" failed="0" inconclusive="0" skipped="0" asserts="9">
      <test-suite type="TestSuite" id="1013" name="Recruiting" fullname="SharpEcho.Recruiting" runstate="Runnable" testcasecount="9" result="Passed" start-time="2016-09-20 04:11:19Z" end-time="2016-09-20 04:11:20Z" duration="1.109632" total="9" passed="9" failed="0" inconclusive="0" skipped="0" asserts="9">
        <test-suite type="TestSuite" id="1014" name="SpellChecker" fullname="SharpEcho.Recruiting.SpellChecker" runstate="Runnable" testcasecount="9" result="Passed" start-time="2016-09-20 04:11:19Z" end-time="2016-09-20 04:11:20Z" duration="1.106646" total="9" passed="9" failed="0" inconclusive="0" skipped="0" asserts="9">
          <test-suite type="TestSuite" id="1015" name="Tests" fullname="SharpEcho.Recruiting.SpellChecker.Tests" runstate="Runnable" testcasecount="9" result="Passed" start-time="2016-09-20 04:11:19Z" end-time="2016-09-20 04:11:20Z" duration="1.103653" total="9" passed="9" failed="0" inconclusive="0" skipped="0" asserts="9">
            <test-suite type="TestFixture" id="1000" name="DictionaryDotComSpellCheckerTests" fullname="SharpEcho.Recruiting.SpellChecker.Tests.DictionaryDotComSpellCheckerTests" classname="SharpEcho.Recruiting.SpellChecker.Tests.DictionaryDotComSpellCheckerTests" runstate="Runnable" testcasecount="4" result="Passed" start-time="2016-09-20 04:11:19Z" end-time="2016-09-20 04:11:20Z" duration="1.077818" total="4" passed="4" failed="0" inconclusive="0" skipped="0" asserts="4">
              <test-case id="1003" name="Check_That_Case_Does_Not_Matter" fullname="SharpEcho.Recruiting.SpellChecker.Tests.DictionaryDotComSpellCheckerTests.Check_That_Case_Does_Not_Matter" methodname="Check_That_Case_Does_Not_Matter" classname="SharpEcho.Recruiting.SpellChecker.Tests.DictionaryDotComSpellCheckerTests" runstate="Runnable" seed="1075674928" result="Passed" start-time="2016-09-20 04:11:19Z" end-time="2016-09-20 04:11:19Z" duration="0.317855" asserts="1" />
              <test-case id="1001" name="Check_That_SharpEcho_Is_Misspelled" fullname="SharpEcho.Recruiting.SpellChecker.Tests.DictionaryDotComSpellCheckerTests.Check_That_SharpEcho_Is_Misspelled" methodname="Check_That_SharpEcho_Is_Misspelled" classname="SharpEcho.Recruiting.SpellChecker.Tests.DictionaryDotComSpellCheckerTests" runstate="Runnable" seed="1283074687" result="Passed" start-time="2016-09-20 04:11:19Z" end-time="2016-09-20 04:11:20Z" duration="0.349755" asserts="1" />
              <test-case id="1002" name="Check_That_South_Is_Not_Misspelled" fullname="SharpEcho.Recruiting.SpellChecker.Tests.DictionaryDotComSpellCheckerTests.Check_That_South_Is_Not_Misspelled" methodname="Check_That_South_Is_Not_Misspelled" classname="SharpEcho.Recruiting.SpellChecker.Tests.DictionaryDotComSpellCheckerTests" runstate="Runnable" seed="1575159338" result="Passed" start-time="2016-09-20 04:11:20Z" end-time="2016-09-20 04:11:20Z" duration="0.198818" asserts="1" />
              <test-case id="1004" name="Check_That_Whitespace_Is_Trimmed" fullname="SharpEcho.Recruiting.SpellChecker.Tests.DictionaryDotComSpellCheckerTests.Check_That_Whitespace_Is_Trimmed" methodname="Check_That_Whitespace_Is_Trimmed" classname="SharpEcho.Recruiting.SpellChecker.Tests.DictionaryDotComSpellCheckerTests" runstate="Runnable" seed="1537598818" result="Passed" start-time="2016-09-20 04:11:20Z" end-time="2016-09-20 04:11:20Z" duration="0.185272" asserts="1" />
            </test-suite>
            <test-suite type="TestFixture" id="1005" name="MnemonicSpellCheckerIBeforeETests" fullname="SharpEcho.Recruiting.SpellChecker.Tests.MnemonicSpellCheckerIBeforeETests" classname="SharpEcho.Recruiting.SpellChecker.Tests.MnemonicSpellCheckerIBeforeETests" runstate="Runnable" testcasecount="5" result="Passed" start-time="2016-09-20 04:11:20Z" end-time="2016-09-20 04:11:20Z" duration="0.018016" total="5" passed="5" failed="0" inconclusive="0" skipped="0" asserts="5">
              <test-case id="1008" name="Check_Word_That_Contains_E_Before_I_After_C_Is_Spelled_Correctly" fullname="SharpEcho.Recruiting.SpellChecker.Tests.MnemonicSpellCheckerIBeforeETests.Check_Word_That_Contains_E_Before_I_After_C_Is_Spelled_Correctly" methodname="Check_Word_That_Contains_E_Before_I_After_C_Is_Spelled_Correctly" classname="SharpEcho.Recruiting.SpellChecker.Tests.MnemonicSpellCheckerIBeforeETests" runstate="Runnable" seed="967252287" result="Passed" start-time="2016-09-20 04:11:20Z" end-time="2016-09-20 04:11:20Z" duration="0.000488" asserts="1" />
              <test-case id="1009" name="Check_Word_That_Contains_E_Before_I_Is_Spelled_Incorrectly" fullname="SharpEcho.Recruiting.SpellChecker.Tests.MnemonicSpellCheckerIBeforeETests.Check_Word_That_Contains_E_Before_I_Is_Spelled_Incorrectly" methodname="Check_Word_That_Contains_E_Before_I_Is_Spelled_Incorrectly" classname="SharpEcho.Recruiting.SpellChecker.Tests.MnemonicSpellCheckerIBeforeETests" runstate="Runnable" seed="618292181" result="Passed" start-time="2016-09-20 04:11:20Z" end-time="2016-09-20 04:11:20Z" duration="0.000214" asserts="1" />
              <test-case id="1007" name="Check_Word_That_Contains_I_Before_E_At_End_Of_Word_Is_Spelled_Correctly" fullname="SharpEcho.Recruiting.SpellChecker.Tests.MnemonicSpellCheckerIBeforeETests.Check_Word_That_Contains_I_Before_E_At_End_Of_Word_Is_Spelled_Correctly" methodname="Check_Word_That_Contains_I_Before_E_At_End_Of_Word_Is_Spelled_Correctly" classname="SharpEcho.Recruiting.SpellChecker.Tests.MnemonicSpellCheckerIBeforeETests" runstate="Runnable" seed="427018977" result="Passed" start-time="2016-09-20 04:11:20Z" end-time="2016-09-20 04:11:20Z" duration="0.000365" asserts="1" />
              <test-case id="1006" name="Check_Word_That_Contains_I_Before_E_Is_Spelled_Correctly" fullname="SharpEcho.Recruiting.SpellChecker.Tests.MnemonicSpellCheckerIBeforeETests.Check_Word_That_Contains_I_Before_E_Is_Spelled_Correctly" methodname="Check_Word_That_Contains_I_Before_E_Is_Spelled_Correctly" classname="SharpEcho.Recruiting.SpellChecker.Tests.MnemonicSpellCheckerIBeforeETests" runstate="Runnable" seed="933806324" result="Passed" start-time="2016-09-20 04:11:20Z" end-time="2016-09-20 04:11:20Z" duration="0.000207" asserts="1" />
              <test-case id="1010" name="Check_Word_That_Contains_Multiple_E_Before_I_Is_Spelled_Incorrectly" fullname="SharpEcho.Recruiting.SpellChecker.Tests.MnemonicSpellCheckerIBeforeETests.Check_Word_That_Contains_Multiple_E_Before_I_Is_Spelled_Incorrectly" methodname="Check_Word_That_Contains_Multiple_E_Before_I_Is_Spelled_Incorrectly" classname="SharpEcho.Recruiting.SpellChecker.Tests.MnemonicSpellCheckerIBeforeETests" runstate="Runnable" seed="771810246" result="Passed" start-time="2016-09-20 04:11:20Z" end-time="2016-09-20 04:11:20Z" duration="0.000179" asserts="1" />
            </test-suite>
          </test-suite>
        </test-suite>
      </test-suite>
    </test-suite>
  </test-suite>
</test-run>